0 info it worked if it ends with ok
1 verbose cli [ 'C:\\Program Files\\nodejs\\node.exe',
1 verbose cli   'C:\\Users\\jordanw\\AppData\\Roaming\\npm\\node_modules\\npm\\bin\\npm-cli.js',
1 verbose cli   'run',
1 verbose cli   'lint' ]
2 info using npm@3.5.3
3 info using node@v5.5.0
4 verbose run-script [ 'prelint', 'lint', 'postlint' ]
5 info lifecycle bitbucket-v2@0.0.4~prelint: bitbucket-v2@0.0.4
6 silly lifecycle bitbucket-v2@0.0.4~prelint: no script for prelint, continuing
7 info lifecycle bitbucket-v2@0.0.4~lint: bitbucket-v2@0.0.4
8 verbose lifecycle bitbucket-v2@0.0.4~lint: unsafe-perm in lifecycle true
9 verbose lifecycle bitbucket-v2@0.0.4~lint: PATH: C:\Users\jordanw\AppData\Roaming\npm\node_modules\npm\bin\node-gyp-bin;C:\gitrepos\node-bitbucket-v2\node_modules\.bin;C:\Users\jordanw\AppData\Roaming\nvm;C:\Program Files\nodejs;C:\Users\jordanw\Desktop\cmder\bin;C:\Users\jordanw\Desktop\cmder\vendor\msysgit\bin;C:\Users\jordanw\Desktop\cmder\vendor\msysgit\mingw\bin;C:\Users\jordanw\Desktop\cmder\vendor\msysgit\cmd;C:\Users\jordanw\Desktop\cmder\vendor\msysgit\share\vim\vim74;C:\Users\jordanw\Desktop\cmder;C:\Users\jordanw\Desktop\cmder\vendor\conemu-maximus5;C:\Users\jordanw\Desktop\cmder\vendor\conemu-maximus5\ConEmu;C:\Program Files (x86)\NVIDIA Corporation\PhysX\Common;C:\Program Files\ImageMagick-6.9.1-Q16;C:\ProgramData\Oracle\Java\javapath;C:\Windows\system32;C:\Windows;C:\Windows\System32\Wbem;C:\Windows\System32\WindowsPowerShell\v1.0\;C:\Program Files\Microsoft SQL Server\120\DTS\Binn\;C:\Program Files\Microsoft SQL Server\Client SDK\ODBC\110\Tools\Binn\;C:\Program Files (x86)\Microsoft SQL Server\120\Tools\Binn\;C:\Program Files\Microsoft SQL Server\120\Tools\Binn\;C:\Program Files (x86)\Microsoft SQL Server\120\Tools\Binn\ManagementStudio\;C:\Program Files (x86)\Microsoft SQL Server\120\DTS\Binn\;C:\Program Files (x86)\Windows Kits\8.1\Windows Performance Toolkit\;C:\Program Files\Microsoft SQL Server\110\Tools\Binn\;C:\Program Files (x86)\Microsoft SDKs\TypeScript\1.0\;C:\Program Files (x86)\Skype\Phone\;C:\ProgramData\chocolatey\bin;C:\Program Files (x86)\GitExtensions\;C:\Users\jordanw\AppData\Roaming\nvm;C:\Program Files\nodejs;C:\Program Files (x86)\Git\cmd;C:\Program Files (x86)\Git\bin;C:\Users\jordanw\AppData\Roaming\npm;C:\Users\jordanw\AppData\Roaming\nvm;C:\Program Files\nodejs;C:\Users\jordanw\AppData\Local\atom\bin;C:\Python27
10 verbose lifecycle bitbucket-v2@0.0.4~lint: CWD: C:\gitrepos\node-bitbucket-v2
11 silly lifecycle bitbucket-v2@0.0.4~lint: Args: [ '/d /s /c',
11 silly lifecycle   'eslint bitbucket/abstract_api.js bitbucket/index.js bitbucket/repositories.js --quiet' ]
12 silly lifecycle bitbucket-v2@0.0.4~lint: Returned: code: 1  signal: null
13 info lifecycle bitbucket-v2@0.0.4~lint: Failed to exec lint script
14 verbose stack Error: bitbucket-v2@0.0.4 lint: `eslint bitbucket/abstract_api.js bitbucket/index.js bitbucket/repositories.js --quiet`
14 verbose stack Exit status 1
14 verbose stack     at EventEmitter.<anonymous> (C:\Users\jordanw\AppData\Roaming\npm\node_modules\npm\lib\utils\lifecycle.js:232:16)
14 verbose stack     at emitTwo (events.js:100:13)
14 verbose stack     at EventEmitter.emit (events.js:185:7)
14 verbose stack     at ChildProcess.<anonymous> (C:\Users\jordanw\AppData\Roaming\npm\node_modules\npm\lib\utils\spawn.js:24:14)
14 verbose stack     at emitTwo (events.js:100:13)
14 verbose stack     at ChildProcess.emit (events.js:185:7)
14 verbose stack     at maybeClose (internal/child_process.js:821:16)
14 verbose stack     at Process.ChildProcess._handle.onexit (internal/child_process.js:211:5)
15 verbose pkgid bitbucket-v2@0.0.4
16 verbose cwd C:\gitrepos\node-bitbucket-v2
17 error Windows_NT 6.3.9600
18 error argv "C:\\Program Files\\nodejs\\node.exe" "C:\\Users\\jordanw\\AppData\\Roaming\\npm\\node_modules\\npm\\bin\\npm-cli.js" "run" "lint"
19 error node v5.5.0
20 error npm  v3.5.3
21 error code ELIFECYCLE
22 error bitbucket-v2@0.0.4 lint: `eslint bitbucket/abstract_api.js bitbucket/index.js bitbucket/repositories.js --quiet`
22 error Exit status 1
23 error Failed at the bitbucket-v2@0.0.4 lint script 'eslint bitbucket/abstract_api.js bitbucket/index.js bitbucket/repositories.js --quiet'.
23 error Make sure you have the latest version of node.js and npm installed.
23 error If you do, this is most likely a problem with the bitbucket-v2 package,
23 error not with npm itself.
23 error Tell the author that this fails on your system:
23 error     eslint bitbucket/abstract_api.js bitbucket/index.js bitbucket/repositories.js --quiet
23 error You can get information on how to open an issue for this project with:
23 error     npm bugs bitbucket-v2
23 error Or if that isn't available, you can get their info via:
23 error     npm owner ls bitbucket-v2
23 error There is likely additional logging output above.
24 verbose exit [ 1, true ]
